\BOOKMARK [1][-]{section.1}{\376\377\000G\000i\000r\000i\001\137}{}% 1
\BOOKMARK [1][-]{section.2}{\376\377\000\307\000a\000l\001\061\001\137\000m\000a\000\040\000A\000l\000a\000n\001\061\000\040\000\050\000A\000O\000I\000\051}{}% 2
\BOOKMARK [1][-]{section.3}{\376\377\000P\000r\000o\000j\000e\000\040\000A\000m\000a\000c\001\061}{}% 3
\BOOKMARK [1][-]{section.4}{\376\377\000V\000e\000r\000i\000\040\000K\000a\000y\000n\000a\000k\000l\000a\000r\001\061}{}% 4
\BOOKMARK [1][-]{section.5}{\376\377\000G\000\366\000r\000\374\000n\000t\000\374\000\040\001\060\001\137\000l\000e\000m\000e\000\040\000T\000e\000k\000n\000i\000k\000l\000e\000r\000i}{}% 5
\BOOKMARK [2][-]{subsection.5.1}{\376\377\000\326\000n\000\040\001\060\001\137\000l\000e\000m\000e\000\040\000v\000e\000\040\000K\000o\000m\000p\000o\000z\000i\000t\000\040\000\334\000r\000e\000t\000i\000m\000i}{section.5}% 6
\BOOKMARK [2][-]{subsection.5.2}{\376\377\001\060\000n\000d\000e\000k\000s\000\040\000T\000\374\000r\000e\000t\000i\000m\000i\000\040\000\050\000N\000D\000V\000I\000,\000\040\000N\000B\000R\000\051}{section.5}% 7
\BOOKMARK [2][-]{subsection.5.3}{\376\377\000F\000a\000r\000k\000\040\001\060\000n\000d\000e\000k\000s\000l\000e\000r\000i\000\040\000v\000e\000\040\001\060\001\137\000a\000r\000e\000t\000\040\000S\000\366\000z\000l\000e\001\137\000m\000e\000l\000e\000r\000i}{section.5}% 8
\BOOKMARK [2][-]{subsection.5.4}{\376\377\000Y\000a\000n\001\061\000k\000l\001\061\000k\000\040\001\136\000i\000d\000d\000e\000t\000i\000\040\000v\000e\000\040\000E\001\137\000i\000k\000l\000e\000m\000e}{section.5}% 9
\BOOKMARK [2][-]{subsection.5.5}{\376\377\001\060\000n\000d\000e\000k\000s\000\040\000S\000e\000\347\000i\000m\000i\000\040\000v\000e\000\040\000S\001\061\000n\001\061\000r\000l\001\061\000l\001\061\000k\000l\000a\000r}{section.5}% 10
\BOOKMARK [1][-]{section.6}{\376\377\000Y\000\366\000n\000t\000e\000m}{}% 11
\BOOKMARK [2][-]{subsection.6.1}{\376\377\000A\000n\000a\000l\000i\000z\000\040\000H\000a\000t\000t\001\061\000\040\000v\000e\000\040\000U\000y\000g\000u\000l\000a\000m\000a\000\040\000A\000l\000t\000y\000a\000p\001\061\000s\001\061}{section.6}% 12
\BOOKMARK [2][-]{subsection.6.2}{\376\377\000P\000a\000r\000a\000m\000e\000t\000r\000e\000\040\000S\000e\000\347\000i\000m\000l\000e\000r\000i\000\040\000v\000e\000\040\000U\000y\000g\000u\000l\000a\000m\000a\000\040\000A\000y\000r\001\061\000n\000t\001\061\000l\000a\000r\001\061}{section.6}% 13
\BOOKMARK [2][-]{subsection.6.3}{\376\377\000Y\000a\000n\001\061\000k\000l\001\061\000k\000\040\001\136\000i\000d\000d\000e\000t\000i\000\040\000S\001\061\000n\001\061\000f\000l\000a\000n\000d\001\061\000r\000m\000a\000s\001\061}{section.6}% 14
\BOOKMARK [1][-]{section.7}{\376\377\000S\000o\000n\000u\000\347\000l\000a\000r}{}% 15
\BOOKMARK [2][-]{subsection.7.1}{\376\377\000B\000u\000l\000g\000u\000l\000a\000r\001\061\000n\000\040\000\326\000z\000e\000t\000i}{section.7}% 16
\BOOKMARK [2][-]{subsection.7.2}{\376\377\000H\000a\000r\000i\000t\000a\000l\000a\000r}{section.7}% 17
\BOOKMARK [2][-]{subsection.7.3}{\376\377\000\326\000z\000e\000t\000\040\001\060\000s\000t\000a\000t\000i\000s\000t\000i\000k\000l\000e\000r}{section.7}% 18
\BOOKMARK [1][-]{section.8}{\376\377\000S\001\061\000n\001\061\000r\000l\001\061\000l\001\061\000k\000l\000a\000r\000\040\000v\000e\000\040\000B\000e\000l\000i\000r\000s\000i\000z\000l\000i\000k\000l\000e\000r}{}% 19
\BOOKMARK [1][-]{section.9}{\376\377\000T\000a\000r\000t\001\061\001\137\000m\000a\000\040\000v\000e\000\040\000G\000e\000l\000e\000c\000e\000k\000\040\000\307\000a\000l\001\061\001\137\000m\000a\000l\000a\000r}{}% 20
\BOOKMARK [1][-]{section.10}{\376\377\000G\000\366\000r\000s\000e\000l\000l\000e\001\137\000t\000i\000r\000m\000e}{}% 21
